tki.txt Paz Eyl 6 11:48:01 +03 2020	652/1866	~0.34941050375133976420
tki Sal Eyl 15 16:37:13 +03 2020	1/1	1
tki Sal Eyl 15 16:41:08 +03 2020	0/0	Error 10002
tki.automorf.bin Sal Eyl 15 16:47:53 +03 2020	0/0	Error 10002
tki.txt Sal Eyl 15 16:51:41 +03 2020	0/0	Error 10002
tki.txt Sal Eyl 15 16:52:25 +03 2020	663/1866	~0.35530546623794212219
tki.txt Sal Eyl 22 12:32:19 +03 2020	668/1866	~0.35798499464094319400
tki.txt Paz Eyl 27 14:56:23 +03 2020	672/1866	~0.36012861736334405145
tki.txt Paz Eki 18 15:19:28 +03 2020	672/1866	~0.36012861736334405145
tki.txt Pzt Eki 19 01:00:13 +03 2020	672/1866	~0.36012861736334405145
tki.txt Pzt Eki 26 01:58:55 +03 2020	672/1866	~0.36012861736334405145
tki.txt Pzt Eki 26 15:35:15 +03 2020	672/1866	~0.36012861736334405145
tki.txt Çrş Eki 28 15:38:18 +03 2020	672/1866	~0.36012861736334405145
tki.txt Prş Eki 29 14:35:51 +03 2020	678/1866	~0.36334405144694533762
tki.txt Cts Eki 31 23:00:57 +03 2020	678/1866	~0.36334405144694533762
tki.txt Paz Kas 1 02:38:34 +03 2020	678/1866	~0.36334405144694533762
tki.txt Cum Kas 6 00:43:05 +03 2020	684/1866	~0.36655948553054662379
tki.txt Cts Kas 7 01:43:38 +03 2020	685/1866	~0.36709539121114683816
tki.txt Prş Ara 31 14:23:34 +03 2020	685/1866	~0.36709539121114683816
tki.txt Prş Ara 31 14:25:35 +03 2020	684/1865	~0.36675603217158176944
w4.txt Prş Ara 31 14:36:12 +03 2020	6620667/8257649	~0.80176173630048940080
tki.txt Prş Mar 11 12:11:08 +03 2021	0/0	Error 10002
tki.txt Cum Mar 12 10:40:54 +03 2021	0/0	Error 10002
tki.txt Cts Mar 13 13:46:56 +03 2021	0/0	Error 10002
tki.txt Cts Mar 13 13:52:29 +03 2021	0/0	Error 10002
tki.txt Cts Mar 13 22:09:08 +03 2021	0/0	Error 10002
tki.txt Pzt Mar 15 23:09:57 +03 2021	0/0	Error 10002
tki.txt Pzt Mar 15 23:16:47 +03 2021	668/1818	~0.36743674367436743674
tki.txt Cum Mar 26 10:48:09 +03 2021	790/1902	~0.41535226077812828601
tki.txt Cum Mar 26 11:00:09 +03 2021	832/1902	~0.43743427970557308097
tki.txt Cum Mar 26 11:10:14 +03 2021	834/1902	~0.43848580441640378549
tki.txt Cum Mar 26 11:11:47 +03 2021	865/1902	~0.45478443743427970557
tki.txt Cum Mar 26 11:17:19 +03 2021	885/1902	~0.46529968454258675079
tki.txt Cum Mar 26 11:34:02 +03 2021	889/1902	~0.46740273396424815983
tki.txt Cum Mar 26 11:57:48 +03 2021	889/1902	~0.46740273396424815983
tki.txt Cum Mar 26 12:29:45 +03 2021	935/1902	~0.49158780231335436383
